<?xml version="1.0" encoding="UTF-8"?>
<!-- Generated by org.testng.reporters.JUnitReportReporter -->
<testsuite hostname="suvo" name="com.automation.utilities.WebdrivermanagerDemo" tests="1" failures="1" timestamp="4 Jan 2021 07:26:56 GMT" time="0.005" errors="0">
  <testcase name="googleSearch1" time="0.005" classname="com.automation.utilities.WebdrivermanagerDemo">
    <failure type="org.openqa.selenium.SessionNotCreatedException" message="session not created: This version of ChromeDriver only supports Chrome version 88
Current browser version is 87.0.4280.88 with binary path C:\Program Files (x86)\Google\Chrome\Application\chrome.exe
Build info: version: &#039;3.141.5&#039;, revision: &#039;d54ebd709a&#039;, time: &#039;2018-11-06T11:42:16&#039;
System info: host: &#039;SUVO&#039;, ip: &#039;192.168.1.4&#039;, os.name: &#039;Windows 8.1&#039;, os.arch: &#039;amd64&#039;, os.version: &#039;6.3&#039;, java.version: &#039;1.8.0_251&#039;
Driver info: driver.version: ChromeDriver
remote stacktrace: Backtrace:
	GetHandleVerifier [0x01138A43+483]
	GetHandleVerifier [0x01138A21+449]
	GetHandleVerifier [0x014E13C8+3836776]
	GetHandleVerifier [0x014FB73A+3944154]
	GetHandleVerifier [0x014F7B9A+3928890]
	GetHandleVerifier [0x014F5E7C+3921436]
	GetHandleVerifier [0x0151C89E+4079678]
	GetHandleVerifier [0x0151C60C+4079020]
	GetHandleVerifier [0x0151938B+4066091]
	GetHandleVerifier [0x014FCDB4+3949908]
	GetHandleVerifier [0x014FDC6E+3953678]
	GetHandleVerifier [0x014FDBF9+3953561]
	Ordinal0 [0x01106A8C+92812]
	Ordinal0 [0x01100572+66930]
	Ordinal0 [0x01100142+65858]
	GetHandleVerifier [0x014047B8+2932568]
	GetHandleVerifier [0x012412EE+1084046]
	GetHandleVerifier [0x011F8B3D+787165]
	GetHandleVerifier [0x011F855B+785659]
	GetHandleVerifier [0x011F8471+785425]
	GetHandleVerifier [0x0122B7B3+995155]
	BaseThreadInitThunk [0x753D919F+14]
	RtlInitializeExceptionChain [0x773AAB8F+143]
	RtlInitializeExceptionChain [0x773AAB5A+90]
">
      <![CDATA[org.openqa.selenium.SessionNotCreatedException: session not created: This version of ChromeDriver only supports Chrome version 88
Current browser version is 87.0.4280.88 with binary path C:\Program Files (x86)\Google\Chrome\Application\chrome.exe
Build info: version: '3.141.5', revision: 'd54ebd709a', time: '2018-11-06T11:42:16'
System info: host: 'SUVO', ip: '192.168.1.4', os.name: 'Windows 8.1', os.arch: 'amd64', os.version: '6.3', java.version: '1.8.0_251'
Driver info: driver.version: ChromeDriver
remote stacktrace: Backtrace:
	GetHandleVerifier [0x01138A43+483]
	GetHandleVerifier [0x01138A21+449]
	GetHandleVerifier [0x014E13C8+3836776]
	GetHandleVerifier [0x014FB73A+3944154]
	GetHandleVerifier [0x014F7B9A+3928890]
	GetHandleVerifier [0x014F5E7C+3921436]
	GetHandleVerifier [0x0151C89E+4079678]
	GetHandleVerifier [0x0151C60C+4079020]
	GetHandleVerifier [0x0151938B+4066091]
	GetHandleVerifier [0x014FCDB4+3949908]
	GetHandleVerifier [0x014FDC6E+3953678]
	GetHandleVerifier [0x014FDBF9+3953561]
	Ordinal0 [0x01106A8C+92812]
	Ordinal0 [0x01100572+66930]
	Ordinal0 [0x01100142+65858]
	GetHandleVerifier [0x014047B8+2932568]
	GetHandleVerifier [0x012412EE+1084046]
	GetHandleVerifier [0x011F8B3D+787165]
	GetHandleVerifier [0x011F855B+785659]
	GetHandleVerifier [0x011F8471+785425]
	GetHandleVerifier [0x0122B7B3+995155]
	BaseThreadInitThunk [0x753D919F+14]
	RtlInitializeExceptionChain [0x773AAB8F+143]
	RtlInitializeExceptionChain [0x773AAB5A+90]

	at sun.reflect.NativeConstructorAccessorImpl.newInstance0(Native Method)
	at sun.reflect.NativeConstructorAccessorImpl.newInstance(NativeConstructorAccessorImpl.java:62)
	at sun.reflect.DelegatingConstructorAccessorImpl.newInstance(DelegatingConstructorAccessorImpl.java:45)
	at java.lang.reflect.Constructor.newInstance(Constructor.java:423)
	at org.openqa.selenium.remote.W3CHandshakeResponse.lambda$errorHandler$0(W3CHandshakeResponse.java:62)
	at org.openqa.selenium.remote.HandshakeResponse.lambda$getResponseFunction$0(HandshakeResponse.java:30)
	at org.openqa.selenium.remote.ProtocolHandshake.lambda$createSession$0(ProtocolHandshake.java:123)
	at java.util.stream.ReferencePipeline$3$1.accept(ReferencePipeline.java:193)
	at java.util.Spliterators$ArraySpliterator.tryAdvance(Spliterators.java:958)
	at java.util.stream.ReferencePipeline.forEachWithCancel(ReferencePipeline.java:126)
	at java.util.stream.AbstractPipeline.copyIntoWithCancel(AbstractPipeline.java:499)
	at java.util.stream.AbstractPipeline.copyInto(AbstractPipeline.java:486)
	at java.util.stream.AbstractPipeline.wrapAndCopyInto(AbstractPipeline.java:472)
	at java.util.stream.FindOps$FindOp.evaluateSequential(FindOps.java:152)
	at java.util.stream.AbstractPipeline.evaluate(AbstractPipeline.java:234)
	at java.util.stream.ReferencePipeline.findFirst(ReferencePipeline.java:464)
	at org.openqa.selenium.remote.ProtocolHandshake.createSession(ProtocolHandshake.java:125)
	at org.openqa.selenium.remote.ProtocolHandshake.createSession(ProtocolHandshake.java:74)
	at org.openqa.selenium.remote.HttpCommandExecutor.execute(HttpCommandExecutor.java:136)
	at org.openqa.selenium.remote.service.DriverCommandExecutor.execute(DriverCommandExecutor.java:83)
	at org.openqa.selenium.remote.RemoteWebDriver.execute(RemoteWebDriver.java:552)
	at org.openqa.selenium.remote.RemoteWebDriver.startSession(RemoteWebDriver.java:213)
	at org.openqa.selenium.remote.RemoteWebDriver.<init>(RemoteWebDriver.java:131)
	at org.openqa.selenium.chrome.ChromeDriver.<init>(ChromeDriver.java:181)
	at org.openqa.selenium.chrome.ChromeDriver.<init>(ChromeDriver.java:168)
	at org.openqa.selenium.chrome.ChromeDriver.<init>(ChromeDriver.java:157)
	at com.automation.utilities.WebdrivermanagerDemo.setUpTest(WebdrivermanagerDemo.java:54)
	at sun.reflect.NativeMethodAccessorImpl.invoke0(Native Method)
	at sun.reflect.NativeMethodAccessorImpl.invoke(NativeMethodAccessorImpl.java:62)
	at sun.reflect.DelegatingMethodAccessorImpl.invoke(DelegatingMethodAccessorImpl.java:43)
	at java.lang.reflect.Method.invoke(Method.java:498)
	at org.testng.internal.MethodInvocationHelper.invokeMethod(MethodInvocationHelper.java:80)
	at org.testng.internal.Invoker.invokeConfigurationMethod(Invoker.java:564)
	at org.testng.internal.Invoker.invokeConfigurations(Invoker.java:213)
	at org.testng.internal.Invoker.invokeConfigurations(Invoker.java:138)
	at org.testng.TestRunner.beforeRun(TestRunner.java:641)
	at org.testng.TestRunner.run(TestRunner.java:609)
	at org.testng.SuiteRunner.runTest(SuiteRunner.java:334)
	at org.testng.SuiteRunner.runSequentially(SuiteRunner.java:329)
	at org.testng.SuiteRunner.privateRun(SuiteRunner.java:291)
	at org.testng.SuiteRunner.run(SuiteRunner.java:240)
	at org.testng.SuiteRunnerWorker.runSuite(SuiteRunnerWorker.java:52)
	at org.testng.SuiteRunnerWorker.run(SuiteRunnerWorker.java:86)
	at org.testng.TestNG.runSuitesSequentially(TestNG.java:1198)
	at org.testng.TestNG.runSuitesLocally(TestNG.java:1123)
	at org.testng.TestNG.run(TestNG.java:1031)
	at org.testng.remote.AbstractRemoteTestNG.run(AbstractRemoteTestNG.java:115)
	at org.testng.remote.RemoteTestNG.initAndRun(RemoteTestNG.java:251)
	at org.testng.remote.RemoteTestNG.main(RemoteTestNG.java:77)
]]>
    </failure>
  </testcase> <!-- googleSearch1 -->
</testsuite> <!-- com.automation.utilities.WebdrivermanagerDemo -->
